::1 - - [12/Jan/2024:04:08:22 +0000] "GET /api/transactions HTTP/1.1" 304 -
::1 - - [12/Jan/2024:04:08:22 +0000] "GET /api/users HTTP/1.1" 304 -
::1 - - [12/Jan/2024:04:08:22 +0000] "GET /api/transactions HTTP/1.1" 304 -
::1 - - [12/Jan/2024:04:08:22 +0000] "GET /api/users HTTP/1.1" 304 -
::1 - - [12/Jan/2024:04:10:12 +0000] "POST /api/register HTTP/1.1" 200 176
::1 - - [12/Jan/2024:04:10:12 +0000] "GET /api/bills HTTP/1.1" 200 2
::1 - - [12/Jan/2024:04:10:12 +0000] "GET /api/bills HTTP/1.1" 304 -
::1 - - [12/Jan/2024:04:13:08 +0000] "GET /api/transactions HTTP/1.1" 304 -
::1 - - [12/Jan/2024:04:13:08 +0000] "GET /api/users HTTP/1.1" 200 1020
::1 - - [12/Jan/2024:04:13:08 +0000] "GET /api/transactions HTTP/1.1" 304 -
::1 - - [12/Jan/2024:04:13:08 +0000] "GET /api/users HTTP/1.1" 304 -
::1 - - [12/Jan/2024:04:13:21 +0000] "GET /api/transactions HTTP/1.1" 304 -
::1 - - [12/Jan/2024:04:13:21 +0000] "GET /api/users HTTP/1.1" 304 -
::1 - - [12/Jan/2024:04:13:21 +0000] "GET /api/transactions HTTP/1.1" 304 -
::1 - - [12/Jan/2024:04:13:21 +0000] "GET /api/users HTTP/1.1" 304 -
::1 - - [12/Jan/2024:04:14:05 +0000] "GET /api/transactions HTTP/1.1" 304 -
::1 - - [12/Jan/2024:04:14:05 +0000] "GET /api/users HTTP/1.1" 304 -
::1 - - [12/Jan/2024:04:14:10 +0000] "GET /api/transactions HTTP/1.1" 304 -
::1 - - [12/Jan/2024:04:14:10 +0000] "GET /api/users HTTP/1.1" 304 -
::1 - - [12/Jan/2024:04:14:33 +0000] "GET /api/transactions HTTP/1.1" 304 -
::1 - - [12/Jan/2024:04:14:33 +0000] "GET /api/users HTTP/1.1" 304 -
::1 - - [12/Jan/2024:04:14:41 +0000] "GET /api/transactions HTTP/1.1" 304 -
::1 - - [12/Jan/2024:04:14:41 +0000] "GET /api/users HTTP/1.1" 304 -
::1 - - [12/Jan/2024:04:14:44 +0000] "GET /api/transactions HTTP/1.1" 304 -
::1 - - [12/Jan/2024:04:14:44 +0000] "GET /api/users HTTP/1.1" 304 -
::1 - - [12/Jan/2024:04:14:53 +0000] "GET /api/transactions HTTP/1.1" 304 -
::1 - - [12/Jan/2024:04:14:53 +0000] "GET /api/users HTTP/1.1" 304 -
::1 - - [12/Jan/2024:04:16:22 +0000] "GET /api/users HTTP/1.1" 304 -
::1 - - [12/Jan/2024:04:16:22 +0000] "GET /api/transactions HTTP/1.1" 304 -
::1 - - [12/Jan/2024:04:16:22 +0000] "GET /api/users HTTP/1.1" 304 -
::1 - - [12/Jan/2024:04:16:22 +0000] "GET /api/transactions HTTP/1.1" 304 -
::1 - - [12/Jan/2024:04:19:11 +0000] "GET /api/transactions HTTP/1.1" 304 -
::1 - - [12/Jan/2024:04:19:11 +0000] "GET /api/users HTTP/1.1" 304 -
::ffff:127.0.0.1 - - [12/Jan/2024:04:20:56 +0000] "GET /api/transactions HTTP/1.1" 200 2
::ffff:127.0.0.1 - - [12/Jan/2024:04:22:13 +0000] "GET /api/transactions HTTP/1.1" 200 2
::ffff:127.0.0.1 - - [12/Jan/2024:04:22:32 +0000] "GET /api/transactions HTTP/1.1" 400 1096
::ffff:127.0.0.1 - - [12/Jan/2024:04:22:41 +0000] "POST /api/transactions HTTP/1.1" 400 1096
::ffff:127.0.0.1 - - [12/Jan/2024:04:22:47 +0000] "POST /api/transactions HTTP/1.1" 200 188
::1 - - [12/Jan/2024:04:22:51 +0000] "GET /api/transactions HTTP/1.1" 200 190
::1 - - [12/Jan/2024:04:22:51 +0000] "GET /api/users HTTP/1.1" 304 -
::1 - - [12/Jan/2024:04:22:51 +0000] "GET /api/transactions HTTP/1.1" 304 -
::1 - - [12/Jan/2024:04:22:51 +0000] "GET /api/users HTTP/1.1" 304 -
::1 - - [12/Jan/2024:04:23:22 +0000] "GET /api/transactions HTTP/1.1" 304 -
::1 - - [12/Jan/2024:04:23:22 +0000] "GET /api/users HTTP/1.1" 304 -
::1 - - [12/Jan/2024:04:24:23 +0000] "GET /api/transactions HTTP/1.1" 304 -
::1 - - [12/Jan/2024:04:24:23 +0000] "GET /api/users HTTP/1.1" 304 -
::1 - - [12/Jan/2024:04:24:48 +0000] "GET /api/transactions HTTP/1.1" 304 -
::1 - - [12/Jan/2024:04:24:48 +0000] "GET /api/users HTTP/1.1" 304 -
::1 - - [12/Jan/2024:04:26:29 +0000] "GET /api/transactions HTTP/1.1" 304 -
::1 - - [12/Jan/2024:04:26:29 +0000] "GET /api/users HTTP/1.1" 304 -
::1 - - [12/Jan/2024:04:26:34 +0000] "GET /api/transactions HTTP/1.1" 304 -
::1 - - [12/Jan/2024:04:26:34 +0000] "GET /api/users HTTP/1.1" 304 -
::1 - - [12/Jan/2024:04:26:45 +0000] "GET /api/transactions HTTP/1.1" 304 -
::1 - - [12/Jan/2024:04:26:45 +0000] "GET /api/users HTTP/1.1" 304 -
::1 - - [12/Jan/2024:04:26:57 +0000] "GET /api/transactions HTTP/1.1" 304 -
::1 - - [12/Jan/2024:04:26:57 +0000] "GET /api/users HTTP/1.1" 304 -
::1 - - [12/Jan/2024:04:27:05 +0000] "GET /api/transactions HTTP/1.1" 304 -
::1 - - [12/Jan/2024:04:27:05 +0000] "GET /api/users HTTP/1.1" 304 -
::1 - - [12/Jan/2024:04:27:15 +0000] "GET /api/transactions HTTP/1.1" 304 -
::1 - - [12/Jan/2024:04:27:15 +0000] "GET /api/users HTTP/1.1" 304 -
::1 - - [12/Jan/2024:04:27:28 +0000] "GET /api/transactions HTTP/1.1" 304 -
::1 - - [12/Jan/2024:04:27:28 +0000] "GET /api/users HTTP/1.1" 304 -
::1 - - [12/Jan/2024:14:57:30 +0000] "GET /api/transactions HTTP/1.1" 304 -
::1 - - [12/Jan/2024:14:57:30 +0000] "GET /api/users HTTP/1.1" 304 -
::1 - - [12/Jan/2024:14:57:30 +0000] "GET /api/transactions HTTP/1.1" 304 -
::1 - - [12/Jan/2024:14:57:30 +0000] "GET /api/users HTTP/1.1" 304 -
::1 - - [12/Jan/2024:14:59:08 +0000] "POST /api/login HTTP/1.1" 200 196
::1 - - [12/Jan/2024:14:59:08 +0000] "GET /api/bills HTTP/1.1" 200 651
::1 - - [12/Jan/2024:14:59:08 +0000] "GET /api/bills HTTP/1.1" 304 -
::1 - - [12/Jan/2024:15:00:01 +0000] "GET /api/bills HTTP/1.1" 304 -
::ffff:127.0.0.1 - - [12/Jan/2024:15:00:14 +0000] "GET /api/bills HTTP/1.1" 304 -
::1 - - [12/Jan/2024:15:00:41 +0000] "GET /api/bills HTTP/1.1" 304 -
::1 - - [12/Jan/2024:15:05:45 +0000] "GET /api/bills HTTP/1.1" 304 -
::1 - - [12/Jan/2024:15:07:06 +0000] "GET /api/bills HTTP/1.1" 304 -
::1 - - [12/Jan/2024:15:07:11 +0000] "PUT /api/bills/65a097e7c8c5cf58b0b47b5b HTTP/1.1" 200 211
::1 - - [12/Jan/2024:15:09:37 +0000] "POST /api/login HTTP/1.1" 200 196
::1 - - [12/Jan/2024:15:09:37 +0000] "GET /api/bills HTTP/1.1" 200 651
::1 - - [12/Jan/2024:15:09:37 +0000] "GET /api/bills HTTP/1.1" 304 -
::1 - - [12/Jan/2024:15:09:42 +0000] "PUT /api/bills/65a097aac8c5cf58b0b47b53 HTTP/1.1" 200 212
::1 - - [12/Jan/2024:15:10:00 +0000] "GET /api/transactions HTTP/1.1" 304 -
::1 - - [12/Jan/2024:15:10:00 +0000] "GET /api/users HTTP/1.1" 304 -
::1 - - [12/Jan/2024:15:10:00 +0000] "GET /api/transactions HTTP/1.1" 304 -
::1 - - [12/Jan/2024:15:10:00 +0000] "GET /api/users HTTP/1.1" 304 -
::1 - - [12/Jan/2024:15:10:02 +0000] "GET /api/transactions HTTP/1.1" 304 -
::1 - - [12/Jan/2024:15:10:02 +0000] "GET /api/users HTTP/1.1" 304 -
::1 - - [12/Jan/2024:15:10:02 +0000] "GET /api/transactions HTTP/1.1" 304 -
::1 - - [12/Jan/2024:15:10:02 +0000] "GET /api/users HTTP/1.1" 304 -
::1 - - [12/Jan/2024:15:10:04 +0000] "GET /api/users/659dedf65b8706032be5611b HTTP/1.1" 304 -
::1 - - [12/Jan/2024:15:10:04 +0000] "GET /api/usersBills/659dedf65b8706032be5611b HTTP/1.1" 200 651
::1 - - [12/Jan/2024:15:10:04 +0000] "GET /api/users/659dedf65b8706032be5611b HTTP/1.1" 304 -
::1 - - [12/Jan/2024:15:10:04 +0000] "GET /api/usersBills/659dedf65b8706032be5611b HTTP/1.1" 304 -
::1 - - [12/Jan/2024:15:10:07 +0000] "GET /api/bills/65a097e7c8c5cf58b0b47b5b HTTP/1.1" 200 464
::1 - - [12/Jan/2024:15:10:07 +0000] "GET /api/bills/65a097e7c8c5cf58b0b47b5b HTTP/1.1" 304 -
::1 - - [12/Jan/2024:15:10:11 +0000] "PUT /api/bills/65a097e7c8c5cf58b0b47b5b HTTP/1.1" 200 211
::1 - - [12/Jan/2024:15:10:12 +0000] "GET /api/users/659dedf65b8706032be5611b HTTP/1.1" 304 -
::1 - - [12/Jan/2024:15:10:12 +0000] "GET /api/usersBills/659dedf65b8706032be5611b HTTP/1.1" 200 651
::1 - - [12/Jan/2024:15:10:12 +0000] "GET /api/users/659dedf65b8706032be5611b HTTP/1.1" 304 -
::1 - - [12/Jan/2024:15:10:12 +0000] "GET /api/usersBills/659dedf65b8706032be5611b HTTP/1.1" 304 -
::1 - - [12/Jan/2024:15:10:15 +0000] "GET /api/bills/65a097aac8c5cf58b0b47b53 HTTP/1.1" 200 465
::1 - - [12/Jan/2024:15:10:15 +0000] "GET /api/bills/65a097aac8c5cf58b0b47b53 HTTP/1.1" 304 -
::1 - - [12/Jan/2024:15:10:18 +0000] "PUT /api/bills/65a097aac8c5cf58b0b47b53 HTTP/1.1" 200 212
::1 - - [12/Jan/2024:15:10:20 +0000] "GET /api/users/659dedf65b8706032be5611b HTTP/1.1" 304 -
::1 - - [12/Jan/2024:15:10:20 +0000] "GET /api/usersBills/659dedf65b8706032be5611b HTTP/1.1" 200 651
::1 - - [12/Jan/2024:15:10:20 +0000] "GET /api/users/659dedf65b8706032be5611b HTTP/1.1" 304 -
::1 - - [12/Jan/2024:15:10:20 +0000] "GET /api/usersBills/659dedf65b8706032be5611b HTTP/1.1" 304 -
::1 - - [12/Jan/2024:15:10:21 +0000] "GET /api/bills/659f56ad166431aa71815fc9 HTTP/1.1" 200 477
::1 - - [12/Jan/2024:15:10:21 +0000] "GET /api/bills/659f56ad166431aa71815fc9 HTTP/1.1" 304 -
::1 - - [12/Jan/2024:15:10:24 +0000] "PUT /api/bills/659f56ad166431aa71815fc9 HTTP/1.1" 200 224
::1 - - [12/Jan/2024:15:10:33 +0000] "POST /api/login HTTP/1.1" 200 196
::1 - - [12/Jan/2024:15:10:33 +0000] "GET /api/bills HTTP/1.1" 200 651
::1 - - [12/Jan/2024:15:10:33 +0000] "GET /api/bills HTTP/1.1" 304 -
::1 - - [12/Jan/2024:15:12:22 +0000] "PUT /api/bills/65a097e7c8c5cf58b0b47b5b HTTP/1.1" 200 211
